app/build/intermediates/manifest_merge_blame_file/debug/manifest-merger-blame-debug-report.txt
1<?xml version="1.0" encoding="utf-8"?>
2<manifest xmlns:android="http://schemas.android.com/apk/res/android"
3    package="com.badai.sqlmapautomator"
4    android:versionCode="1"
5    android:versionName="1.0" >
6
7    <uses-sdk
8        android:minSdkVersion="24"
9        android:targetSdkVersion="34" />
10
11    <uses-permission android:name="android.permission.INTERNET" />
11-->src/main/AndroidManifest.xml:5:5-67
11-->src/main/AndroidManifest.xml:5:22-64
12    <uses-permission android:name="android.permission.ACCESS_NETWORK_STATE" />
12-->src/main/AndroidManifest.xml:6:5-79
12-->src/main/AndroidManifest.xml:6:22-76
13    <uses-permission android:name="android.permission.WRITE_EXTERNAL_STORAGE" />
13-->src/main/AndroidManifest.xml:7:5-81
13-->src/main/AndroidManifest.xml:7:22-78
14    <uses-permission android:name="android.permission.READ_EXTERNAL_STORAGE" />
14-->src/main/AndroidManifest.xml:8:5-80
14-->src/main/AndroidManifest.xml:8:22-77
15    <uses-permission android:name="android.permission.FOREGROUND_SERVICE" />
15-->src/main/AndroidManifest.xml:9:5-77
15-->src/main/AndroidManifest.xml:9:22-74
16    <uses-permission android:name="android.permission.WAKE_LOCK" />
16-->[androidx.work:work-runtime:2.9.0] AndroidManifest.xml:23:5-68
16-->[androidx.work:work-runtime:2.9.0] AndroidManifest.xml:23:22-65
17    <uses-permission android:name="android.permission.RECEIVE_BOOT_COMPLETED" />
17-->[androidx.work:work-runtime:2.9.0] AndroidManifest.xml:25:5-81
17-->[androidx.work:work-runtime:2.9.0] AndroidManifest.xml:25:22-78
18
19    <permission
19-->[androidx.core:core:1.12.0] AndroidManifest.xml:22:5-24:47
20        android:name="com.badai.sqlmapautomator.DYNAMIC_RECEIVER_NOT_EXPORTED_PERMISSION"
20-->[androidx.core:core:1.12.0] AndroidManifest.xml:23:9-81
21        android:protectionLevel="signature" />
21-->[androidx.core:core:1.12.0] AndroidManifest.xml:24:9-44
22
23    <uses-permission android:name="com.badai.sqlmapautomator.DYNAMIC_RECEIVER_NOT_EXPORTED_PERMISSION" />
23-->[androidx.core:core:1.12.0] AndroidManifest.xml:26:5-97
23-->[androidx.core:core:1.12.0] AndroidManifest.xml:26:22-94
24
25    <application
25-->src/main/AndroidManifest.xml:11:5-42:19
26        android:allowBackup="true"
26-->src/main/AndroidManifest.xml:12:9-35
27        android:appComponentFactory="androidx.core.app.CoreComponentFactory"
27-->[androidx.core:core:1.12.0] AndroidManifest.xml:28:18-86
28        android:dataExtractionRules="@xml/data_extraction_rules"
28-->src/main/AndroidManifest.xml:13:9-65
29        android:debuggable="true"
30        android:extractNativeLibs="false"
31        android:fullBackupContent="@xml/backup_rules"
31-->src/main/AndroidManifest.xml:14:9-54
32        android:icon="@mipmap/ic_launcher"
32-->src/main/AndroidManifest.xml:15:9-43
33        android:label="@string/app_name"
33-->src/main/AndroidManifest.xml:16:9-41
34        android:roundIcon="@mipmap/ic_launcher_round"
34-->src/main/AndroidManifest.xml:17:9-54
35        android:supportsRtl="true"
35-->src/main/AndroidManifest.xml:18:9-35
36        android:theme="@style/Theme.BADAISQLMapAutomator" >
36-->src/main/AndroidManifest.xml:19:9-58
37        <activity
37-->src/main/AndroidManifest.xml:22:9-30:20
38            android:name="com.badai.sqlmapautomator.ui.MainActivity"
38-->src/main/AndroidManifest.xml:23:13-44
39            android:exported="true"
39-->src/main/AndroidManifest.xml:24:13-36
40            android:theme="@style/Theme.BADAISQLMapAutomator" >
40-->src/main/AndroidManifest.xml:25:13-62
41            <intent-filter>
41-->src/main/AndroidManifest.xml:26:13-29:29
42                <action android:name="android.intent.action.MAIN" />
42-->src/main/AndroidManifest.xml:27:17-69
42-->src/main/AndroidManifest.xml:27:25-66
43
44                <category android:name="android.intent.category.LAUNCHER" />
44-->src/main/AndroidManifest.xml:28:17-77
44-->src/main/AndroidManifest.xml:28:27-74
45            </intent-filter>
46        </activity>
47        <activity
47-->src/main/AndroidManifest.xml:32:9-35:65
48            android:name="com.badai.sqlmapautomator.ui.DisclaimerActivity"
48-->src/main/AndroidManifest.xml:33:13-50
49            android:exported="false"
49-->src/main/AndroidManifest.xml:34:13-37
50            android:theme="@style/Theme.BADAISQLMapAutomator" />
50-->src/main/AndroidManifest.xml:35:13-62
51
52        <service
52-->src/main/AndroidManifest.xml:37:9-40:40
53            android:name="com.badai.sqlmapautomator.service.SQLMapService"
53-->src/main/AndroidManifest.xml:38:13-50
54            android:enabled="true"
54-->src/main/AndroidManifest.xml:39:13-35
55            android:exported="false" />
55-->src/main/AndroidManifest.xml:40:13-37
56
57        <provider
57-->[androidx.emoji2:emoji2:1.2.0] AndroidManifest.xml:24:9-32:20
58            android:name="androidx.startup.InitializationProvider"
58-->[androidx.emoji2:emoji2:1.2.0] AndroidManifest.xml:25:13-67
59            android:authorities="com.badai.sqlmapautomator.androidx-startup"
59-->[androidx.emoji2:emoji2:1.2.0] AndroidManifest.xml:26:13-68
60            android:exported="false" >
60-->[androidx.emoji2:emoji2:1.2.0] AndroidManifest.xml:27:13-37
61            <meta-data
61-->[androidx.emoji2:emoji2:1.2.0] AndroidManifest.xml:29:13-31:52
62                android:name="androidx.emoji2.text.EmojiCompatInitializer"
62-->[androidx.emoji2:emoji2:1.2.0] AndroidManifest.xml:30:17-75
63                android:value="androidx.startup" />
63-->[androidx.emoji2:emoji2:1.2.0] AndroidManifest.xml:31:17-49
64            <meta-data
64-->[androidx.work:work-runtime:2.9.0] AndroidManifest.xml:34:13-36:52
65                android:name="androidx.work.WorkManagerInitializer"
65-->[androidx.work:work-runtime:2.9.0] AndroidManifest.xml:35:17-68
66                android:value="androidx.startup" />
66-->[androidx.work:work-runtime:2.9.0] AndroidManifest.xml:36:17-49
67            <meta-data
67-->[androidx.lifecycle:lifecycle-process:2.7.0] AndroidManifest.xml:29:13-31:52
68                android:name="androidx.lifecycle.ProcessLifecycleInitializer"
68-->[androidx.lifecycle:lifecycle-process:2.7.0] AndroidManifest.xml:30:17-78
69                android:value="androidx.startup" />
69-->[androidx.lifecycle:lifecycle-process:2.7.0] AndroidManifest.xml:31:17-49
70            <meta-data
70-->[androidx.profileinstaller:profileinstaller:1.3.0] AndroidManifest.xml:29:13-31:52
71                android:name="androidx.profileinstaller.ProfileInstallerInitializer"
71-->[androidx.profileinstaller:profileinstaller:1.3.0] AndroidManifest.xml:30:17-85
72                android:value="androidx.startup" />
72-->[androidx.profileinstaller:profileinstaller:1.3.0] AndroidManifest.xml:31:17-49
73        </provider>
74
75        <service
75-->[androidx.work:work-runtime:2.9.0] AndroidManifest.xml:39:9-45:35
76            android:name="androidx.work.impl.background.systemalarm.SystemAlarmService"
76-->[androidx.work:work-runtime:2.9.0] AndroidManifest.xml:40:13-88
77            android:directBootAware="false"
77-->[androidx.work:work-runtime:2.9.0] AndroidManifest.xml:41:13-44
78            android:enabled="@bool/enable_system_alarm_service_default"
78-->[androidx.work:work-runtime:2.9.0] AndroidManifest.xml:42:13-72
79            android:exported="false" />
79-->[androidx.work:work-runtime:2.9.0] AndroidManifest.xml:43:13-37
80        <service
80-->[androidx.work:work-runtime:2.9.0] AndroidManifest.xml:46:9-52:35
81            android:name="androidx.work.impl.background.systemjob.SystemJobService"
81-->[androidx.work:work-runtime:2.9.0] AndroidManifest.xml:47:13-84
82            android:directBootAware="false"
82-->[androidx.work:work-runtime:2.9.0] AndroidManifest.xml:48:13-44
83            android:enabled="@bool/enable_system_job_service_default"
83-->[androidx.work:work-runtime:2.9.0] AndroidManifest.xml:49:13-70
84            android:exported="true"
84-->[androidx.work:work-runtime:2.9.0] AndroidManifest.xml:50:13-36
85            android:permission="android.permission.BIND_JOB_SERVICE" />
85-->[androidx.work:work-runtime:2.9.0] AndroidManifest.xml:51:13-69
86        <service
86-->[androidx.work:work-runtime:2.9.0] AndroidManifest.xml:53:9-59:35
87            android:name="androidx.work.impl.foreground.SystemForegroundService"
87-->[androidx.work:work-runtime:2.9.0] AndroidManifest.xml:54:13-81
88            android:directBootAware="false"
88-->[androidx.work:work-runtime:2.9.0] AndroidManifest.xml:55:13-44
89            android:enabled="@bool/enable_system_foreground_service_default"
89-->[androidx.work:work-runtime:2.9.0] AndroidManifest.xml:56:13-77
90            android:exported="false" />
90-->[androidx.work:work-runtime:2.9.0] AndroidManifest.xml:57:13-37
91
92        <receiver
92-->[androidx.work:work-runtime:2.9.0] AndroidManifest.xml:61:9-66:35
93            android:name="androidx.work.impl.utils.ForceStopRunnable$BroadcastReceiver"
93-->[androidx.work:work-runtime:2.9.0] AndroidManifest.xml:62:13-88
94            android:directBootAware="false"
94-->[androidx.work:work-runtime:2.9.0] AndroidManifest.xml:63:13-44
95            android:enabled="true"
95-->[androidx.work:work-runtime:2.9.0] AndroidManifest.xml:64:13-35
96            android:exported="false" />
96-->[androidx.work:work-runtime:2.9.0] AndroidManifest.xml:65:13-37
97        <receiver
97-->[androidx.work:work-runtime:2.9.0] AndroidManifest.xml:67:9-77:20
98            android:name="androidx.work.impl.background.systemalarm.ConstraintProxy$BatteryChargingProxy"
98-->[androidx.work:work-runtime:2.9.0] AndroidManifest.xml:68:13-106
99            android:directBootAware="false"
99-->[androidx.work:work-runtime:2.9.0] AndroidManifest.xml:69:13-44
100            android:enabled="false"
100-->[androidx.work:work-runtime:2.9.0] AndroidManifest.xml:70:13-36
101            android:exported="false" >
101-->[androidx.work:work-runtime:2.9.0] AndroidManifest.xml:71:13-37
102            <intent-filter>
102-->[androidx.work:work-runtime:2.9.0] AndroidManifest.xml:73:13-76:29
103                <action android:name="android.intent.action.ACTION_POWER_CONNECTED" />
103-->[androidx.work:work-runtime:2.9.0] AndroidManifest.xml:74:17-87
103-->[androidx.work:work-runtime:2.9.0] AndroidManifest.xml:74:25-84
104                <action android:name="android.intent.action.ACTION_POWER_DISCONNECTED" />
104-->[androidx.work:work-runtime:2.9.0] AndroidManifest.xml:75:17-90
104-->[androidx.work:work-runtime:2.9.0] AndroidManifest.xml:75:25-87
105            </intent-filter>
106        </receiver>
107        <receiver
107-->[androidx.work:work-runtime:2.9.0] AndroidManifest.xml:78:9-88:20
108            android:name="androidx.work.impl.background.systemalarm.ConstraintProxy$BatteryNotLowProxy"
108-->[androidx.work:work-runtime:2.9.0] AndroidManifest.xml:79:13-104
109            android:directBootAware="false"
109-->[androidx.work:work-runtime:2.9.0] AndroidManifest.xml:80:13-44
110            android:enabled="false"
110-->[androidx.work:work-runtime:2.9.0] AndroidManifest.xml:81:13-36
111            android:exported="false" >
111-->[androidx.work:work-runtime:2.9.0] AndroidManifest.xml:82:13-37
112            <intent-filter>
112-->[androidx.work:work-runtime:2.9.0] AndroidManifest.xml:84:13-87:29
113                <action android:name="android.intent.action.BATTERY_OKAY" />
113-->[androidx.work:work-runtime:2.9.0] AndroidManifest.xml:85:17-77
113-->[androidx.work:work-runtime:2.9.0] AndroidManifest.xml:85:25-74
114                <action android:name="android.intent.action.BATTERY_LOW" />
114-->[androidx.work:work-runtime:2.9.0] AndroidManifest.xml:86:17-76
114-->[androidx.work:work-runtime:2.9.0] AndroidManifest.xml:86:25-73
115            </intent-filter>
116        </receiver>
117        <receiver
117-->[androidx.work:work-runtime:2.9.0] AndroidManifest.xml:89:9-99:20
118            android:name="androidx.work.impl.background.systemalarm.ConstraintProxy$StorageNotLowProxy"
118-->[androidx.work:work-runtime:2.9.0] AndroidManifest.xml:90:13-104
119            android:directBootAware="false"
119-->[androidx.work:work-runtime:2.9.0] AndroidManifest.xml:91:13-44
120            android:enabled="false"
120-->[androidx.work:work-runtime:2.9.0] AndroidManifest.xml:92:13-36
121            android:exported="false" >
121-->[androidx.work:work-runtime:2.9.0] AndroidManifest.xml:93:13-37
122            <intent-filter>
122-->[androidx.work:work-runtime:2.9.0] AndroidManifest.xml:95:13-98:29
123                <action android:name="android.intent.action.DEVICE_STORAGE_LOW" />
123-->[androidx.work:work-runtime:2.9.0] AndroidManifest.xml:96:17-83
123-->[androidx.work:work-runtime:2.9.0] AndroidManifest.xml:96:25-80
124                <action android:name="android.intent.action.DEVICE_STORAGE_OK" />
124-->[androidx.work:work-runtime:2.9.0] AndroidManifest.xml:97:17-82
124-->[androidx.work:work-runtime:2.9.0] AndroidManifest.xml:97:25-79
125            </intent-filter>
126        </receiver>
127        <receiver
127-->[androidx.work:work-runtime:2.9.0] AndroidManifest.xml:100:9-109:20
128            android:name="androidx.work.impl.background.systemalarm.ConstraintProxy$NetworkStateProxy"
128-->[androidx.work:work-runtime:2.9.0] AndroidManifest.xml:101:13-103
129            android:directBootAware="false"
129-->[androidx.work:work-runtime:2.9.0] AndroidManifest.xml:102:13-44
130            android:enabled="false"
130-->[androidx.work:work-runtime:2.9.0] AndroidManifest.xml:103:13-36
131            android:exported="false" >
131-->[androidx.work:work-runtime:2.9.0] AndroidManifest.xml:104:13-37
132            <intent-filter>
132-->[androidx.work:work-runtime:2.9.0] AndroidManifest.xml:106:13-108:29
133                <action android:name="android.net.conn.CONNECTIVITY_CHANGE" />
133-->[androidx.work:work-runtime:2.9.0] AndroidManifest.xml:107:17-79
133-->[androidx.work:work-runtime:2.9.0] AndroidManifest.xml:107:25-76
134            </intent-filter>
135        </receiver>
136        <receiver
136-->[androidx.work:work-runtime:2.9.0] AndroidManifest.xml:110:9-121:20
137            android:name="androidx.work.impl.background.systemalarm.RescheduleReceiver"
137-->[androidx.work:work-runtime:2.9.0] AndroidManifest.xml:111:13-88
138            android:directBootAware="false"
138-->[androidx.work:work-runtime:2.9.0] AndroidManifest.xml:112:13-44
139            android:enabled="false"
139-->[androidx.work:work-runtime:2.9.0] AndroidManifest.xml:113:13-36
140            android:exported="false" >
140-->[androidx.work:work-runtime:2.9.0] AndroidManifest.xml:114:13-37
141            <intent-filter>
141-->[androidx.work:work-runtime:2.9.0] AndroidManifest.xml:116:13-120:29
142                <action android:name="android.intent.action.BOOT_COMPLETED" />
142-->[androidx.work:work-runtime:2.9.0] AndroidManifest.xml:117:17-79
142-->[androidx.work:work-runtime:2.9.0] AndroidManifest.xml:117:25-76
143                <action android:name="android.intent.action.TIME_SET" />
143-->[androidx.work:work-runtime:2.9.0] AndroidManifest.xml:118:17-73
143-->[androidx.work:work-runtime:2.9.0] AndroidManifest.xml:118:25-70
144                <action android:name="android.intent.action.TIMEZONE_CHANGED" />
144-->[androidx.work:work-runtime:2.9.0] AndroidManifest.xml:119:17-81
144-->[androidx.work:work-runtime:2.9.0] AndroidManifest.xml:119:25-78
145            </intent-filter>
146        </receiver>
147        <receiver
147-->[androidx.work:work-runtime:2.9.0] AndroidManifest.xml:122:9-131:20
148            android:name="androidx.work.impl.background.systemalarm.ConstraintProxyUpdateReceiver"
148-->[androidx.work:work-runtime:2.9.0] AndroidManifest.xml:123:13-99
149            android:directBootAware="false"
149-->[androidx.work:work-runtime:2.9.0] AndroidManifest.xml:124:13-44
150            android:enabled="@bool/enable_system_alarm_service_default"
150-->[androidx.work:work-runtime:2.9.0] AndroidManifest.xml:125:13-72
151            android:exported="false" >
151-->[androidx.work:work-runtime:2.9.0] AndroidManifest.xml:126:13-37
152            <intent-filter>
152-->[androidx.work:work-runtime:2.9.0] AndroidManifest.xml:128:13-130:29
153                <action android:name="androidx.work.impl.background.systemalarm.UpdateProxies" />
153-->[androidx.work:work-runtime:2.9.0] AndroidManifest.xml:129:17-98
153-->[androidx.work:work-runtime:2.9.0] AndroidManifest.xml:129:25-95
154            </intent-filter>
155        </receiver>
156        <receiver
156-->[androidx.work:work-runtime:2.9.0] AndroidManifest.xml:132:9-142:20
157            android:name="androidx.work.impl.diagnostics.DiagnosticsReceiver"
157-->[androidx.work:work-runtime:2.9.0] AndroidManifest.xml:133:13-78
158            android:directBootAware="false"
158-->[androidx.work:work-runtime:2.9.0] AndroidManifest.xml:134:13-44
159            android:enabled="true"
159-->[androidx.work:work-runtime:2.9.0] AndroidManifest.xml:135:13-35
160            android:exported="true"
160-->[androidx.work:work-runtime:2.9.0] AndroidManifest.xml:136:13-36
161            android:permission="android.permission.DUMP" >
161-->[androidx.work:work-runtime:2.9.0] AndroidManifest.xml:137:13-57
162            <intent-filter>
162-->[androidx.work:work-runtime:2.9.0] AndroidManifest.xml:139:13-141:29
163                <action android:name="androidx.work.diagnostics.REQUEST_DIAGNOSTICS" />
163-->[androidx.work:work-runtime:2.9.0] AndroidManifest.xml:140:17-88
163-->[androidx.work:work-runtime:2.9.0] AndroidManifest.xml:140:25-85
164            </intent-filter>
165        </receiver>
166
167        <uses-library
167-->[androidx.window:window:1.0.0] AndroidManifest.xml:25:9-27:40
168            android:name="androidx.window.extensions"
168-->[androidx.window:window:1.0.0] AndroidManifest.xml:26:13-54
169            android:required="false" />
169-->[androidx.window:window:1.0.0] AndroidManifest.xml:27:13-37
170        <uses-library
170-->[androidx.window:window:1.0.0] AndroidManifest.xml:28:9-30:40
171            android:name="androidx.window.sidecar"
171-->[androidx.window:window:1.0.0] AndroidManifest.xml:29:13-51
172            android:required="false" />
172-->[androidx.window:window:1.0.0] AndroidManifest.xml:30:13-37
173
174        <service
174-->[androidx.room:room-runtime:2.6.0] AndroidManifest.xml:24:9-28:63
175            android:name="androidx.room.MultiInstanceInvalidationService"
175-->[androidx.room:room-runtime:2.6.0] AndroidManifest.xml:25:13-74
176            android:directBootAware="true"
176-->[androidx.room:room-runtime:2.6.0] AndroidManifest.xml:26:13-43
177            android:exported="false" />
177-->[androidx.room:room-runtime:2.6.0] AndroidManifest.xml:27:13-37
178
179        <receiver
179-->[androidx.profileinstaller:profileinstaller:1.3.0] AndroidManifest.xml:34:9-52:20
180            android:name="androidx.profileinstaller.ProfileInstallReceiver"
180-->[androidx.profileinstaller:profileinstaller:1.3.0] AndroidManifest.xml:35:13-76
181            android:directBootAware="false"
181-->[androidx.profileinstaller:profileinstaller:1.3.0] AndroidManifest.xml:36:13-44
182            android:enabled="true"
182-->[androidx.profileinstaller:profileinstaller:1.3.0] AndroidManifest.xml:37:13-35
183            android:exported="true"
183-->[androidx.profileinstaller:profileinstaller:1.3.0] AndroidManifest.xml:38:13-36
184            android:permission="android.permission.DUMP" >
184-->[androidx.profileinstaller:profileinstaller:1.3.0] AndroidManifest.xml:39:13-57
185            <intent-filter>
185-->[androidx.profileinstaller:profileinstaller:1.3.0] AndroidManifest.xml:40:13-42:29
186                <action android:name="androidx.profileinstaller.action.INSTALL_PROFILE" />
186-->[androidx.profileinstaller:profileinstaller:1.3.0] AndroidManifest.xml:41:17-91
186-->[androidx.profileinstaller:profileinstaller:1.3.0] AndroidManifest.xml:41:25-88
187            </intent-filter>
188            <intent-filter>
188-->[androidx.profileinstaller:profileinstaller:1.3.0] AndroidManifest.xml:43:13-45:29
189                <action android:name="androidx.profileinstaller.action.SKIP_FILE" />
189-->[androidx.profileinstaller:profileinstaller:1.3.0] AndroidManifest.xml:44:17-85
189-->[androidx.profileinstaller:profileinstaller:1.3.0] AndroidManifest.xml:44:25-82
190            </intent-filter>
191            <intent-filter>
191-->[androidx.profileinstaller:profileinstaller:1.3.0] AndroidManifest.xml:46:13-48:29
192                <action android:name="androidx.profileinstaller.action.SAVE_PROFILE" />
192-->[androidx.profileinstaller:profileinstaller:1.3.0] AndroidManifest.xml:47:17-88
192-->[androidx.profileinstaller:profileinstaller:1.3.0] AndroidManifest.xml:47:25-85
193            </intent-filter>
194            <intent-filter>
194-->[androidx.profileinstaller:profileinstaller:1.3.0] AndroidManifest.xml:49:13-51:29
195                <action android:name="androidx.profileinstaller.action.BENCHMARK_OPERATION" />
195-->[androidx.profileinstaller:profileinstaller:1.3.0] AndroidManifest.xml:50:17-95
195-->[androidx.profileinstaller:profileinstaller:1.3.0] AndroidManifest.xml:50:25-92
196            </intent-filter>
197        </receiver>
198    </application>
199
200</manifest>